[ 2019-03-16T16:36:22+08:00 ] ::1 /lianxi1/azqrsg/
INFO: [ app_init ] --START--
INFO: Run Behavior\BuildLiteBehavior [ RunTime:0.000022s ]
INFO: [ app_init ] --END-- [ RunTime:0.001154s ]
INFO: [ app_begin ] --START--
INFO: Run Behavior\ReadHtmlCacheBehavior [ RunTime:0.001073s ]
INFO: [ app_begin ] --END-- [ RunTime:0.001177s ]
SQL: SHOW COLUMNS FROM `renshi_system` [ RunTime:0.0116s ]
SQL: SELECT `sLoginTimeout` FROM `renshi_system` WHERE ( sId=1 ) LIMIT 1   [ RunTime:0.0017s ]
SQL: SELECT `sLoginTimeout` FROM `renshi_system` WHERE ( sId=1 ) LIMIT 1   [ RunTime:0.0002s ]

[ 2019-03-16T16:36:23+08:00 ] ::1 /lianxi1/azqrsg/login/
INFO: [ app_init ] --START--
INFO: Run Behavior\BuildLiteBehavior [ RunTime:0.000015s ]
INFO: [ app_init ] --END-- [ RunTime:0.000339s ]
INFO: [ app_begin ] --START--
INFO: Run Behavior\ReadHtmlCacheBehavior [ RunTime:0.000635s ]
INFO: [ app_begin ] --END-- [ RunTime:0.000720s ]
SQL: SHOW COLUMNS FROM `renshi_system` [ RunTime:0.0040s ]
SQL: SELECT `sLogo`,`sName`,`sCopyrightName`,`sCopyrightAuthor`,`sCheckCodeSwitch`,`sVersion`,`sCopyrightAuthorTel`,`sCopyrightAuthorQQ` FROM `renshi_system` WHERE ( sId=1 ) LIMIT 1   [ RunTime:0.0005s ]
INFO: [ view_parse ] --START--
INFO: [ template_filter ] --START--
INFO: Run Behavior\ContentReplaceBehavior [ RunTime:0.000062s ]
INFO: [ template_filter ] --END-- [ RunTime:0.000121s ]
INFO: Run Behavior\ParseTemplateBehavior [ RunTime:0.046045s ]
INFO: [ view_parse ] --END-- [ RunTime:0.046224s ]
INFO: [ view_filter ] --START--
INFO: Run Behavior\WriteHtmlCacheBehavior [ RunTime:0.001543s ]
INFO: [ view_filter ] --END-- [ RunTime:0.001636s ]
INFO: [ app_end ] --START--
INFO: Run Behavior\ShowPageTraceBehavior [ RunTime:0.002295s ]
INFO: [ app_end ] --END-- [ RunTime:0.002380s ]

[ 2019-03-16T16:36:30+08:00 ] ::1 /lianxi1/azqrsg/
INFO: [ app_init ] --START--
INFO: Run Behavior\BuildLiteBehavior [ RunTime:0.000028s ]
INFO: [ app_init ] --END-- [ RunTime:0.000803s ]
INFO: [ app_begin ] --START--
INFO: Run Behavior\ReadHtmlCacheBehavior [ RunTime:0.002310s ]
INFO: [ app_begin ] --END-- [ RunTime:0.003409s ]
SQL: SHOW COLUMNS FROM `renshi_system` [ RunTime:0.0049s ]
SQL: SELECT `sLoginTimeout` FROM `renshi_system` WHERE ( sId=1 ) LIMIT 1   [ RunTime:0.0002s ]
SQL: SELECT `sLoginTimeout` FROM `renshi_system` WHERE ( sId=1 ) LIMIT 1   [ RunTime:0.0001s ]

[ 2019-03-16T16:36:30+08:00 ] ::1 /lianxi1/azqrsg/login/
INFO: [ app_init ] --START--
INFO: Run Behavior\BuildLiteBehavior [ RunTime:0.000027s ]
INFO: [ app_init ] --END-- [ RunTime:0.000634s ]
INFO: [ app_begin ] --START--
INFO: Run Behavior\ReadHtmlCacheBehavior [ RunTime:0.000749s ]
INFO: [ app_begin ] --END-- [ RunTime:0.000850s ]
SQL: SHOW COLUMNS FROM `renshi_system` [ RunTime:0.0040s ]
SQL: SELECT `sLogo`,`sName`,`sCopyrightName`,`sCopyrightAuthor`,`sCheckCodeSwitch`,`sVersion`,`sCopyrightAuthorTel`,`sCopyrightAuthorQQ` FROM `renshi_system` WHERE ( sId=1 ) LIMIT 1   [ RunTime:0.0003s ]
INFO: [ view_parse ] --START--
INFO: [ template_filter ] --START--
INFO: Run Behavior\ContentReplaceBehavior [ RunTime:0.000075s ]
INFO: [ template_filter ] --END-- [ RunTime:0.000176s ]
INFO: Run Behavior\ParseTemplateBehavior [ RunTime:0.019633s ]
INFO: [ view_parse ] --END-- [ RunTime:0.019751s ]
INFO: [ view_filter ] --START--
INFO: Run Behavior\WriteHtmlCacheBehavior [ RunTime:0.000538s ]
INFO: [ view_filter ] --END-- [ RunTime:0.000715s ]
INFO: [ app_end ] --START--
INFO: Run Behavior\ShowPageTraceBehavior [ RunTime:0.001435s ]
INFO: [ app_end ] --END-- [ RunTime:0.001609s ]

[ 2019-03-16T16:36:33+08:00 ] ::1 /lianxi1/azqrsg/Personnelsystem/Login/CheckLogin/
INFO: [ app_init ] --START--
INFO: Run Behavior\BuildLiteBehavior [ RunTime:0.000018s ]
INFO: [ app_init ] --END-- [ RunTime:0.000522s ]
INFO: [ app_begin ] --START--
INFO: Run Behavior\ReadHtmlCacheBehavior [ RunTime:0.001356s ]
INFO: [ app_begin ] --END-- [ RunTime:0.001603s ]
SQL: SHOW COLUMNS FROM `renshi_system` [ RunTime:0.0047s ]
SQL: SELECT `sCheckCodeSwitch`,`sErrorPwdLockNum`,`sLoginTimeout` FROM `renshi_system` WHERE ( sId=1 ) LIMIT 1   [ RunTime:0.0004s ]
SQL: SHOW COLUMNS FROM `renshi_admin` [ RunTime:0.0084s ]
SQL: SELECT * FROM `renshi_admin` WHERE ( aUser='system' OR aTel='system' ) LIMIT 1   [ RunTime:0.0016s ]
SQL: UPDATE `renshi_admin` SET `aLoginNum`='42',`aErrorPwdNum`='0' WHERE ( aUser='system' OR aTel='system' ) [ RunTime:0.0008s ]
INFO: [ view_parse ] --START--
INFO: [ template_filter ] --START--
INFO: Run Behavior\ContentReplaceBehavior [ RunTime:0.000074s ]
INFO: [ template_filter ] --END-- [ RunTime:0.000179s ]
INFO: Run Behavior\ParseTemplateBehavior [ RunTime:0.029853s ]
INFO: [ view_parse ] --END-- [ RunTime:0.029960s ]
INFO: [ view_filter ] --START--
INFO: Run Behavior\WriteHtmlCacheBehavior [ RunTime:0.000338s ]
INFO: [ view_filter ] --END-- [ RunTime:0.000426s ]
INFO: [ app_end ] --START--
INFO: Run Behavior\ShowPageTraceBehavior [ RunTime:0.000934s ]
INFO: [ app_end ] --END-- [ RunTime:0.001214s ]

[ 2019-03-16T16:36:34+08:00 ] ::1 /lianxi1/azqrsg/Index.html
INFO: [ app_init ] --START--
INFO: Run Behavior\BuildLiteBehavior [ RunTime:0.000013s ]
INFO: [ app_init ] --END-- [ RunTime:0.000334s ]
INFO: [ app_begin ] --START--
INFO: Run Behavior\ReadHtmlCacheBehavior [ RunTime:0.000426s ]
INFO: [ app_begin ] --END-- [ RunTime:0.000476s ]
SQL: SHOW COLUMNS FROM `renshi_system` [ RunTime:0.0047s ]
SQL: SELECT `sLoginTimeout` FROM `renshi_system` WHERE ( sId=1 ) LIMIT 1   [ RunTime:0.0002s ]
SQL: SELECT `sLoginTimeout` FROM `renshi_system` WHERE ( sId=1 ) LIMIT 1   [ RunTime:0.0002s ]
SQL: SELECT `sName`,`sDepartment`,`sCopyrightName`,`sCopyrightAuthor`,`sVersion`,`sCopyrightAuthorTel`,`sCopyrightAuthorQQ` FROM `renshi_system` WHERE ( sId=1 ) LIMIT 1   [ RunTime:0.0005s ]
SQL: SHOW COLUMNS FROM `renshi_admin_role` [ RunTime:0.0075s ]
NOTIC: [8] Undefined variable: morepowersValue /Applications/MAMP/htdocs/18031/lianxi1/azqrsg/Application/Personnelsystem/Controller/IndexController.class.php 第 30 行.
SQL: SHOW COLUMNS FROM `renshi_department` [ RunTime:0.0091s ]
SQL: SELECT * FROM `renshi_department` WHERE ( dId=0 ) LIMIT 1   [ RunTime:0.0006s ]
SQL: SELECT `sLoginTimeout` FROM `renshi_system` WHERE ( sId=1 ) LIMIT 1   [ RunTime:0.0002s ]
SQL: SELECT `sLoginTimeout` FROM `renshi_system` WHERE ( sId=1 ) LIMIT 1   [ RunTime:0.0003s ]
SQL: SHOW COLUMNS FROM `renshi_staff` [ RunTime:0.0097s ]
SQL: SELECT COUNT(*) AS tp_count FROM `renshi_staff` WHERE `stBirthdate` LIKE '%03-16%' AND `stBirthdateType` = 1 LIMIT 1   [ RunTime:0.0021s ]
SQL: SELECT COUNT(*) AS tp_count FROM `renshi_staff` WHERE `stBirthdate` LIKE '%02-10%' AND `stBirthdateType` = 2 LIMIT 1   [ RunTime:0.0007s ]
SQL: SHOW COLUMNS FROM `renshi_hdmenu` [ RunTime:0.0066s ]
SQL: SELECT * FROM `renshi_hdmenu`  [ RunTime:0.0016s ]
INFO: [ view_parse ] --START--
INFO: [ template_filter ] --START--
INFO: Run Behavior\ContentReplaceBehavior [ RunTime:0.000135s ]
INFO: [ template_filter ] --END-- [ RunTime:0.000211s ]
NOTIC: [8] Undefined variable: rs_users /Applications/MAMP/htdocs/18031/lianxi1/azqrsg/Application/Runtime/Cache/Personnelsystem/893122f858811a5339e67690bf0a2103.php 第 32 行.
NOTIC: [8] Undefined variable: rs_admin /Applications/MAMP/htdocs/18031/lianxi1/azqrsg/Application/Runtime/Cache/Personnelsystem/893122f858811a5339e67690bf0a2103.php 第 32 行.
INFO: Run Behavior\ParseTemplateBehavior [ RunTime:0.037925s ]
INFO: [ view_parse ] --END-- [ RunTime:0.038043s ]
INFO: [ view_filter ] --START--
INFO: Run Behavior\WriteHtmlCacheBehavior [ RunTime:0.000486s ]
INFO: [ view_filter ] --END-- [ RunTime:0.000575s ]
INFO: [ app_end ] --START--
INFO: Run Behavior\ShowPageTraceBehavior [ RunTime:0.003244s ]
INFO: [ app_end ] --END-- [ RunTime:0.003375s ]

[ 2019-03-16T16:36:34+08:00 ] ::1 /lianxi1/azqrsg/Personnelsystem/Index/welcome
INFO: [ app_init ] --START--
INFO: Run Behavior\BuildLiteBehavior [ RunTime:0.000030s ]
INFO: [ app_init ] --END-- [ RunTime:0.002773s ]
INFO: [ app_begin ] --START--
INFO: Run Behavior\ReadHtmlCacheBehavior [ RunTime:0.000586s ]
INFO: [ app_begin ] --END-- [ RunTime:0.000672s ]
SQL: SHOW COLUMNS FROM `renshi_system` [ RunTime:0.0080s ]
SQL: SELECT `sLoginTimeout` FROM `renshi_system` WHERE ( sId=1 ) LIMIT 1   [ RunTime:0.0002s ]
SQL: SELECT `sLoginTimeout` FROM `renshi_system` WHERE ( sId=1 ) LIMIT 1   [ RunTime:0.0002s ]
SQL: SHOW COLUMNS FROM `renshi_admin` [ RunTime:0.0062s ]
SQL: SELECT `aLoginNum` FROM `renshi_admin` WHERE ( aUser='system' ) LIMIT 1   [ RunTime:0.0010s ]
SQL: SHOW COLUMNS FROM `renshi_admin_role` [ RunTime:0.0057s ]
NOTIC: [8] Undefined variable: morepowersValue /Applications/MAMP/htdocs/18031/lianxi1/azqrsg/Application/Personnelsystem/Controller/IndexController.class.php 第 76 行.
SQL: SHOW COLUMNS FROM `renshi_hdmenu` [ RunTime:0.0103s ]
SQL: SELECT * FROM `renshi_hdmenu`  [ RunTime:0.0002s ]
SQL: SELECT COUNT(*) AS tp_count FROM `renshi_admin_role` LIMIT 1   [ RunTime:0.0008s ]
SQL: SELECT COUNT(*) AS tp_count FROM `renshi_admin` LIMIT 1   [ RunTime:0.0005s ]
SQL: SHOW COLUMNS FROM `renshi_department` [ RunTime:0.0094s ]
SQL: SELECT COUNT(*) AS tp_count FROM `renshi_department` LIMIT 1   [ RunTime:0.0004s ]
SQL: SHOW COLUMNS FROM `renshi_staff` [ RunTime:0.0046s ]
SQL: SELECT COUNT(*) AS tp_count FROM `renshi_staff` WHERE ( stBlacklist=0 ) LIMIT 1   [ RunTime:0.0006s ]
SQL: SELECT COUNT(*) AS tp_count FROM `renshi_staff` WHERE ( stJobState=1 AND stBlacklist=0 ) LIMIT 1   [ RunTime:0.0008s ]
SQL: SELECT COUNT(*) AS tp_count FROM `renshi_staff` WHERE ( stJobState=0 AND stBlacklist=0 ) LIMIT 1   [ RunTime:0.0007s ]
SQL: SELECT COUNT(*) AS tp_count FROM `renshi_staff` WHERE ( stBlacklist=1 ) LIMIT 1   [ RunTime:0.0009s ]
SQL: SELECT `sName`,`sCopyrightName`,`sCopyrightAuthor`,`sCopyrightAuthorTel`,`sCopyrightAuthorQQ` FROM `renshi_system` WHERE ( sId=1 ) LIMIT 1   [ RunTime:0.0058s ]
INFO: [ view_parse ] --START--
INFO: [ template_filter ] --START--
INFO: Run Behavior\ContentReplaceBehavior [ RunTime:0.002227s ]
INFO: [ template_filter ] --END-- [ RunTime:0.002363s ]
INFO: Run Behavior\ParseTemplateBehavior [ RunTime:0.075647s ]
INFO: [ view_parse ] --END-- [ RunTime:0.075772s ]
INFO: [ view_filter ] --START--
INFO: Run Behavior\WriteHtmlCacheBehavior [ RunTime:0.000342s ]
INFO: [ view_filter ] --END-- [ RunTime:0.000420s ]
INFO: [ app_end ] --START--
INFO: Run Behavior\ShowPageTraceBehavior [ RunTime:0.003354s ]
INFO: [ app_end ] --END-- [ RunTime:0.004686s ]

[ 2019-03-16T16:36:34+08:00 ] ::1 /lianxi1/azqrsg/favicon.ico
INFO: [ app_init ] --START--
INFO: Run Behavior\BuildLiteBehavior [ RunTime:0.000015s ]
INFO: [ app_init ] --END-- [ RunTime:0.000424s ]

[ 2019-03-16T16:36:45+08:00 ] ::1 /lianxi1/azqrsg/About/index
INFO: [ app_init ] --START--
INFO: Run Behavior\BuildLiteBehavior [ RunTime:0.000064s ]
INFO: [ app_init ] --END-- [ RunTime:0.001451s ]
INFO: [ app_begin ] --START--
INFO: Run Behavior\ReadHtmlCacheBehavior [ RunTime:0.000566s ]
INFO: [ app_begin ] --END-- [ RunTime:0.000711s ]
SQL: SHOW COLUMNS FROM `renshi_system` [ RunTime:0.0050s ]
SQL: SELECT `sLoginTimeout` FROM `renshi_system` WHERE ( sId=1 ) LIMIT 1   [ RunTime:0.0002s ]
SQL: SELECT `sLoginTimeout` FROM `renshi_system` WHERE ( sId=1 ) LIMIT 1   [ RunTime:0.0002s ]
INFO: [ view_parse ] --START--
INFO: [ template_filter ] --START--
INFO: Run Behavior\ContentReplaceBehavior [ RunTime:0.000334s ]
INFO: [ template_filter ] --END-- [ RunTime:0.000726s ]
INFO: Run Behavior\ParseTemplateBehavior [ RunTime:0.026661s ]
INFO: [ view_parse ] --END-- [ RunTime:0.026776s ]
INFO: [ view_filter ] --START--
INFO: Run Behavior\WriteHtmlCacheBehavior [ RunTime:0.000291s ]
INFO: [ view_filter ] --END-- [ RunTime:0.000394s ]
INFO: [ app_end ] --START--
INFO: Run Behavior\ShowPageTraceBehavior [ RunTime:0.000850s ]
INFO: [ app_end ] --END-- [ RunTime:0.000946s ]

[ 2019-03-16T16:36:45+08:00 ] ::1 /lianxi1/azqrsg/Public/Theme1/css/font-awesome.css?v=4.4.0
INFO: [ app_init ] --START--
INFO: Run Behavior\BuildLiteBehavior [ RunTime:0.000021s ]
INFO: [ app_init ] --END-- [ RunTime:0.000525s ]
INFO: [ app_begin ] --START--
INFO: Run Behavior\ReadHtmlCacheBehavior [ RunTime:0.000876s ]
INFO: [ app_begin ] --END-- [ RunTime:0.001007s ]
ERR: 无法加载控制器:Public

[ 2019-03-16T16:36:45+08:00 ] ::1 /lianxi1/azqrsg/Public/Theme1/css/style.css?v=4.1.0
INFO: [ app_init ] --START--
INFO: Run Behavior\BuildLiteBehavior [ RunTime:0.000075s ]
INFO: [ app_init ] --END-- [ RunTime:0.000688s ]
INFO: [ app_begin ] --START--
INFO: Run Behavior\ReadHtmlCacheBehavior [ RunTime:0.000998s ]
INFO: [ app_begin ] --END-- [ RunTime:0.001168s ]
ERR: 无法加载控制器:Public

[ 2019-03-16T16:36:45+08:00 ] ::1 /lianxi1/azqrsg/Public/Theme1/css/animate.css
INFO: [ app_init ] --START--
INFO: Run Behavior\BuildLiteBehavior [ RunTime:0.000035s ]
INFO: [ app_init ] --END-- [ RunTime:0.001430s ]
INFO: [ app_begin ] --START--
INFO: Run Behavior\ReadHtmlCacheBehavior [ RunTime:0.000796s ]
INFO: [ app_begin ] --END-- [ RunTime:0.000905s ]
ERR: 无法加载控制器:Public

[ 2019-03-16T16:36:45+08:00 ] ::1 /lianxi1/azqrsg/Public/Theme1/js/content.js?v=1.0.0
INFO: [ app_init ] --START--
INFO: Run Behavior\BuildLiteBehavior [ RunTime:0.000025s ]
INFO: [ app_init ] --END-- [ RunTime:0.000681s ]
INFO: [ app_begin ] --START--
INFO: Run Behavior\ReadHtmlCacheBehavior [ RunTime:0.000906s ]
INFO: [ app_begin ] --END-- [ RunTime:0.001173s ]
ERR: 无法加载控制器:Public

[ 2019-03-16T16:36:48+08:00 ] ::1 /lianxi1/azqrsg/Targets/models
INFO: [ app_init ] --START--
INFO: Run Behavior\BuildLiteBehavior [ RunTime:0.000019s ]
INFO: [ app_init ] --END-- [ RunTime:0.000747s ]
INFO: [ app_begin ] --START--
INFO: Run Behavior\ReadHtmlCacheBehavior [ RunTime:0.000594s ]
INFO: [ app_begin ] --END-- [ RunTime:0.000759s ]
SQL: SHOW COLUMNS FROM `renshi_system` [ RunTime:0.0042s ]
SQL: SELECT `sLoginTimeout` FROM `renshi_system` WHERE ( sId=1 ) LIMIT 1   [ RunTime:0.0001s ]
SQL: SELECT `sLoginTimeout` FROM `renshi_system` WHERE ( sId=1 ) LIMIT 1   [ RunTime:0.0002s ]
SQL: SHOW COLUMNS FROM `renshi_mmodels` [ RunTime:0.0045s ]
SQL: SELECT * FROM `renshi_mmodels` WHERE ( mMid=1 ) LIMIT 1   [ RunTime:0.0024s ]
INFO: [ view_parse ] --START--
INFO: [ template_filter ] --START--
INFO: Run Behavior\ContentReplaceBehavior [ RunTime:0.000069s ]
INFO: [ template_filter ] --END-- [ RunTime:0.000140s ]
INFO: Run Behavior\ParseTemplateBehavior [ RunTime:0.021771s ]
INFO: [ view_parse ] --END-- [ RunTime:0.021960s ]
INFO: [ view_filter ] --START--
INFO: Run Behavior\WriteHtmlCacheBehavior [ RunTime:0.000168s ]
INFO: [ view_filter ] --END-- [ RunTime:0.000210s ]
INFO: [ app_end ] --START--
INFO: Run Behavior\ShowPageTraceBehavior [ RunTime:0.001224s ]
INFO: [ app_end ] --END-- [ RunTime:0.001360s ]

[ 2019-03-16T16:36:54+08:00 ] ::1 /lianxi1/azqrsg/System/system
INFO: [ app_init ] --START--
INFO: Run Behavior\BuildLiteBehavior [ RunTime:0.000014s ]
INFO: [ app_init ] --END-- [ RunTime:0.000340s ]
INFO: [ app_begin ] --START--
INFO: Run Behavior\ReadHtmlCacheBehavior [ RunTime:0.000482s ]
INFO: [ app_begin ] --END-- [ RunTime:0.000542s ]
SQL: SHOW COLUMNS FROM `renshi_system` [ RunTime:0.0044s ]
SQL: SELECT `sLoginTimeout` FROM `renshi_system` WHERE ( sId=1 ) LIMIT 1   [ RunTime:0.0002s ]
SQL: SELECT `sLoginTimeout` FROM `renshi_system` WHERE ( sId=1 ) LIMIT 1   [ RunTime:0.0001s ]
SQL: SELECT * FROM `renshi_system` WHERE ( sId=1 ) LIMIT 1   [ RunTime:0.0005s ]
INFO: [ view_parse ] --START--
INFO: [ template_filter ] --START--
INFO: Run Behavior\ContentReplaceBehavior [ RunTime:0.000051s ]
INFO: [ template_filter ] --END-- [ RunTime:0.000111s ]
INFO: Run Behavior\ParseTemplateBehavior [ RunTime:0.026442s ]
INFO: [ view_parse ] --END-- [ RunTime:0.026546s ]
INFO: [ view_filter ] --START--
INFO: Run Behavior\WriteHtmlCacheBehavior [ RunTime:0.000271s ]
INFO: [ view_filter ] --END-- [ RunTime:0.000337s ]
INFO: [ app_end ] --START--
INFO: Run Behavior\ShowPageTraceBehavior [ RunTime:0.000651s ]
INFO: [ app_end ] --END-- [ RunTime:0.000702s ]

[ 2019-03-16T16:36:55+08:00 ] ::1 /lianxi1/azqrsg/Bak/index
INFO: [ app_init ] --START--
INFO: Run Behavior\BuildLiteBehavior [ RunTime:0.000015s ]
INFO: [ app_init ] --END-- [ RunTime:0.000383s ]
INFO: [ app_begin ] --START--
INFO: Run Behavior\ReadHtmlCacheBehavior [ RunTime:0.000609s ]
INFO: [ app_begin ] --END-- [ RunTime:0.000683s ]
SQL: SHOW COLUMNS FROM `renshi_system` [ RunTime:0.0042s ]
SQL: SELECT `sLoginTimeout` FROM `renshi_system` WHERE ( sId=1 ) LIMIT 1   [ RunTime:0.0002s ]
SQL: SELECT `sLoginTimeout` FROM `renshi_system` WHERE ( sId=1 ) LIMIT 1   [ RunTime:0.0002s ]
NOTIC: [2] mkdir(): File exists /Applications/MAMP/htdocs/18031/lianxi1/azqrsg/Application/Personnelsystem/Controller/BakController.class.php 第 8 行.
INFO: [ view_parse ] --START--
INFO: [ template_filter ] --START--
INFO: Run Behavior\ContentReplaceBehavior [ RunTime:0.000102s ]
INFO: [ template_filter ] --END-- [ RunTime:0.000355s ]
INFO: Run Behavior\ParseTemplateBehavior [ RunTime:0.028191s ]
INFO: [ view_parse ] --END-- [ RunTime:0.028312s ]
INFO: [ view_filter ] --START--
INFO: Run Behavior\WriteHtmlCacheBehavior [ RunTime:0.000596s ]
INFO: [ view_filter ] --END-- [ RunTime:0.000705s ]
INFO: [ app_end ] --START--
INFO: Run Behavior\ShowPageTraceBehavior [ RunTime:0.001055s ]
INFO: [ app_end ] --END-- [ RunTime:0.001160s ]

[ 2019-03-16T16:36:56+08:00 ] ::1 /lianxi1/azqrsg/Variables/lists
INFO: [ app_init ] --START--
INFO: Run Behavior\BuildLiteBehavior [ RunTime:0.000024s ]
INFO: [ app_init ] --END-- [ RunTime:0.000668s ]
INFO: [ app_begin ] --START--
INFO: Run Behavior\ReadHtmlCacheBehavior [ RunTime:0.000834s ]
INFO: [ app_begin ] --END-- [ RunTime:0.000941s ]
SQL: SHOW COLUMNS FROM `renshi_system` [ RunTime:0.0051s ]
SQL: SELECT `sLoginTimeout` FROM `renshi_system` WHERE ( sId=1 ) LIMIT 1   [ RunTime:0.0002s ]
SQL: SELECT `sLoginTimeout` FROM `renshi_system` WHERE ( sId=1 ) LIMIT 1   [ RunTime:0.0002s ]
SQL: SHOW COLUMNS FROM `renshi_variables` [ RunTime:0.0090s ]
SQL: SELECT * FROM `renshi_variables`  [ RunTime:0.0018s ]
INFO: [ view_parse ] --START--
INFO: [ template_filter ] --START--
INFO: Run Behavior\ContentReplaceBehavior [ RunTime:0.000052s ]
INFO: [ template_filter ] --END-- [ RunTime:0.000117s ]
INFO: Run Behavior\ParseTemplateBehavior [ RunTime:0.020262s ]
INFO: [ view_parse ] --END-- [ RunTime:0.020387s ]
INFO: [ view_filter ] --START--
INFO: Run Behavior\WriteHtmlCacheBehavior [ RunTime:0.000258s ]
INFO: [ view_filter ] --END-- [ RunTime:0.000326s ]
INFO: [ app_end ] --START--
INFO: Run Behavior\ShowPageTraceBehavior [ RunTime:0.000559s ]
INFO: [ app_end ] --END-- [ RunTime:0.000613s ]

[ 2019-03-16T16:36:57+08:00 ] ::1 /lianxi1/azqrsg/Manage/managelists
INFO: [ app_init ] --START--
INFO: Run Behavior\BuildLiteBehavior [ RunTime:0.000039s ]
INFO: [ app_init ] --END-- [ RunTime:0.000772s ]
INFO: [ app_begin ] --START--
INFO: Run Behavior\ReadHtmlCacheBehavior [ RunTime:0.000570s ]
INFO: [ app_begin ] --END-- [ RunTime:0.000633s ]
SQL: SHOW COLUMNS FROM `renshi_system` [ RunTime:0.0045s ]
SQL: SELECT `sLoginTimeout` FROM `renshi_system` WHERE ( sId=1 ) LIMIT 1   [ RunTime:0.0002s ]
SQL: SELECT `sLoginTimeout` FROM `renshi_system` WHERE ( sId=1 ) LIMIT 1   [ RunTime:0.0005s ]
SQL: SHOW COLUMNS FROM `renshi_admin` [ RunTime:0.0046s ]
SQL: SELECT * FROM `renshi_admin`  [ RunTime:0.0006s ]
SQL: SELECT `sErrorPwdLockNum` FROM `renshi_system` WHERE ( sId=1 ) LIMIT 1   [ RunTime:0.0006s ]
INFO: [ view_parse ] --START--
INFO: [ template_filter ] --START--
INFO: Run Behavior\ContentReplaceBehavior [ RunTime:0.000081s ]
INFO: [ template_filter ] --END-- [ RunTime:0.000150s ]
SQL: SHOW COLUMNS FROM `renshi_admin_role` [ RunTime:0.0046s ]
SQL: SELECT `arName`,`arPowers` FROM `renshi_admin_role` WHERE ( arId=0 ) LIMIT 1   [ RunTime:0.0004s ]
SQL: SELECT `arName`,`arPowers` FROM `renshi_admin_role` WHERE ( arId=1 ) LIMIT 1   [ RunTime:0.0015s ]
SQL: SELECT `arName`,`arPowers` FROM `renshi_admin_role` WHERE ( arId=2 ) LIMIT 1   [ RunTime:0.0003s ]
SQL: SELECT `arName`,`arPowers` FROM `renshi_admin_role` WHERE ( arId=6 ) LIMIT 1   [ RunTime:0.0003s ]
SQL: SELECT `arName`,`arPowers` FROM `renshi_admin_role` WHERE ( arId=6 ) LIMIT 1   [ RunTime:0.0001s ]
SQL: SHOW COLUMNS FROM `renshi_department` [ RunTime:0.0042s ]
SQL: SELECT `dId`,`dPid`,`dPsid`,`dName` FROM `renshi_department` WHERE ( dId=1 ) LIMIT 1   [ RunTime:0.0007s ]
INFO: Run Behavior\ParseTemplateBehavior [ RunTime:0.045643s ]
INFO: [ view_parse ] --END-- [ RunTime:0.045698s ]
INFO: [ view_filter ] --START--
INFO: Run Behavior\WriteHtmlCacheBehavior [ RunTime:0.000241s ]
INFO: [ view_filter ] --END-- [ RunTime:0.000284s ]
INFO: [ app_end ] --START--
INFO: Run Behavior\ShowPageTraceBehavior [ RunTime:0.001184s ]
INFO: [ app_end ] --END-- [ RunTime:0.001280s ]

[ 2019-03-16T16:36:57+08:00 ] ::1 /lianxi1/azqrsg/Manage/managelists
INFO: [ app_init ] --START--
INFO: Run Behavior\BuildLiteBehavior [ RunTime:0.000019s ]
INFO: [ app_init ] --END-- [ RunTime:0.000567s ]
INFO: [ app_begin ] --START--
INFO: Run Behavior\ReadHtmlCacheBehavior [ RunTime:0.000730s ]
INFO: [ app_begin ] --END-- [ RunTime:0.000828s ]
SQL: SHOW COLUMNS FROM `renshi_system` [ RunTime:0.0042s ]
SQL: SELECT `sLoginTimeout` FROM `renshi_system` WHERE ( sId=1 ) LIMIT 1   [ RunTime:0.0002s ]
SQL: SELECT `sLoginTimeout` FROM `renshi_system` WHERE ( sId=1 ) LIMIT 1   [ RunTime:0.0001s ]
SQL: SHOW COLUMNS FROM `renshi_admin` [ RunTime:0.0041s ]
SQL: SELECT * FROM `renshi_admin`  [ RunTime:0.0004s ]
SQL: SELECT `sErrorPwdLockNum` FROM `renshi_system` WHERE ( sId=1 ) LIMIT 1   [ RunTime:0.0006s ]
INFO: [ view_parse ] --START--
INFO: [ template_filter ] --START--
INFO: Run Behavior\ContentReplaceBehavior [ RunTime:0.000127s ]
INFO: [ template_filter ] --END-- [ RunTime:0.000251s ]
SQL: SHOW COLUMNS FROM `renshi_admin_role` [ RunTime:0.0040s ]
SQL: SELECT `arName`,`arPowers` FROM `renshi_admin_role` WHERE ( arId=0 ) LIMIT 1   [ RunTime:0.0002s ]
SQL: SELECT `arName`,`arPowers` FROM `renshi_admin_role` WHERE ( arId=1 ) LIMIT 1   [ RunTime:0.0002s ]
SQL: SELECT `arName`,`arPowers` FROM `renshi_admin_role` WHERE ( arId=2 ) LIMIT 1   [ RunTime:0.0002s ]
SQL: SELECT `arName`,`arPowers` FROM `renshi_admin_role` WHERE ( arId=6 ) LIMIT 1   [ RunTime:0.0001s ]
SQL: SELECT `arName`,`arPowers` FROM `renshi_admin_role` WHERE ( arId=6 ) LIMIT 1   [ RunTime:0.0001s ]
SQL: SHOW COLUMNS FROM `renshi_department` [ RunTime:0.0041s ]
SQL: SELECT `dId`,`dPid`,`dPsid`,`dName` FROM `renshi_department` WHERE ( dId=1 ) LIMIT 1   [ RunTime:0.0003s ]
INFO: Run Behavior\ParseTemplateBehavior [ RunTime:0.036425s ]
INFO: [ view_parse ] --END-- [ RunTime:0.036506s ]
INFO: [ view_filter ] --START--
INFO: Run Behavior\WriteHtmlCacheBehavior [ RunTime:0.000351s ]
INFO: [ view_filter ] --END-- [ RunTime:0.000420s ]
INFO: [ app_end ] --START--
INFO: Run Behavior\ShowPageTraceBehavior [ RunTime:0.001119s ]
INFO: [ app_end ] --END-- [ RunTime:0.001275s ]

[ 2019-03-16T16:37:25+08:00 ] ::1 /lianxi1/azqrsg/
INFO: [ app_init ] --START--
INFO: Run Behavior\BuildLiteBehavior [ RunTime:0.000031s ]
INFO: [ app_init ] --END-- [ RunTime:0.001078s ]
INFO: [ app_begin ] --START--
INFO: Run Behavior\ReadHtmlCacheBehavior [ RunTime:0.001548s ]
INFO: [ app_begin ] --END-- [ RunTime:0.001793s ]
SQL: SHOW COLUMNS FROM `renshi_system` [ RunTime:0.0044s ]
SQL: SELECT `sLoginTimeout` FROM `renshi_system` WHERE ( sId=1 ) LIMIT 1   [ RunTime:0.0004s ]
SQL: SELECT `sLoginTimeout` FROM `renshi_system` WHERE ( sId=1 ) LIMIT 1   [ RunTime:0.0002s ]
SQL: SELECT `sName`,`sDepartment`,`sCopyrightName`,`sCopyrightAuthor`,`sVersion`,`sCopyrightAuthorTel`,`sCopyrightAuthorQQ` FROM `renshi_system` WHERE ( sId=1 ) LIMIT 1   [ RunTime:0.0002s ]
SQL: SHOW COLUMNS FROM `renshi_admin_role` [ RunTime:0.0038s ]
NOTIC: [8] Undefined variable: morepowersValue /Applications/MAMP/htdocs/18031/lianxi1/azqrsg/Application/Personnelsystem/Controller/IndexController.class.php 第 30 行.
SQL: SHOW COLUMNS FROM `renshi_department` [ RunTime:0.0044s ]
SQL: SELECT * FROM `renshi_department` WHERE ( dId=0 ) LIMIT 1   [ RunTime:0.0002s ]
SQL: SELECT `sLoginTimeout` FROM `renshi_system` WHERE ( sId=1 ) LIMIT 1   [ RunTime:0.0002s ]
SQL: SELECT `sLoginTimeout` FROM `renshi_system` WHERE ( sId=1 ) LIMIT 1   [ RunTime:0.0001s ]
SQL: SHOW COLUMNS FROM `renshi_staff` [ RunTime:0.0051s ]
SQL: SELECT COUNT(*) AS tp_count FROM `renshi_staff` WHERE `stBirthdate` LIKE '%03-16%' AND `stBirthdateType` = 1 LIMIT 1   [ RunTime:0.0002s ]
SQL: SELECT COUNT(*) AS tp_count FROM `renshi_staff` WHERE `stBirthdate` LIKE '%02-10%' AND `stBirthdateType` = 2 LIMIT 1   [ RunTime:0.0002s ]
SQL: SHOW COLUMNS FROM `renshi_hdmenu` [ RunTime:0.0040s ]
SQL: SELECT * FROM `renshi_hdmenu`  [ RunTime:0.0003s ]
INFO: [ view_parse ] --START--
INFO: [ template_filter ] --START--
INFO: Run Behavior\ContentReplaceBehavior [ RunTime:0.000125s ]
INFO: [ template_filter ] --END-- [ RunTime:0.000186s ]
NOTIC: [8] Undefined variable: rs_users /Applications/MAMP/htdocs/18031/lianxi1/azqrsg/Application/Runtime/Cache/Personnelsystem/893122f858811a5339e67690bf0a2103.php 第 32 行.
NOTIC: [8] Undefined variable: rs_admin /Applications/MAMP/htdocs/18031/lianxi1/azqrsg/Application/Runtime/Cache/Personnelsystem/893122f858811a5339e67690bf0a2103.php 第 32 行.
INFO: Run Behavior\ParseTemplateBehavior [ RunTime:0.028829s ]
INFO: [ view_parse ] --END-- [ RunTime:0.028961s ]
INFO: [ view_filter ] --START--
INFO: Run Behavior\WriteHtmlCacheBehavior [ RunTime:0.000276s ]
INFO: [ view_filter ] --END-- [ RunTime:0.000336s ]
INFO: [ app_end ] --START--
INFO: Run Behavior\ShowPageTraceBehavior [ RunTime:0.001188s ]
INFO: [ app_end ] --END-- [ RunTime:0.001305s ]

[ 2019-03-16T16:37:25+08:00 ] ::1 /lianxi1/azqrsg/Personnelsystem/Index/welcome
INFO: [ app_init ] --START--
INFO: Run Behavior\BuildLiteBehavior [ RunTime:0.000028s ]
INFO: [ app_init ] --END-- [ RunTime:0.001924s ]
INFO: [ app_begin ] --START--
INFO: Run Behavior\ReadHtmlCacheBehavior [ RunTime:0.000569s ]
INFO: [ app_begin ] --END-- [ RunTime:0.000642s ]
SQL: SHOW COLUMNS FROM `renshi_system` [ RunTime:0.0045s ]
SQL: SELECT `sLoginTimeout` FROM `renshi_system` WHERE ( sId=1 ) LIMIT 1   [ RunTime:0.0007s ]
SQL: SELECT `sLoginTimeout` FROM `renshi_system` WHERE ( sId=1 ) LIMIT 1   [ RunTime:0.0002s ]
SQL: SHOW COLUMNS FROM `renshi_admin` [ RunTime:0.0044s ]
SQL: SELECT `aLoginNum` FROM `renshi_admin` WHERE ( aUser='system' ) LIMIT 1   [ RunTime:0.0003s ]
SQL: SHOW COLUMNS FROM `renshi_admin_role` [ RunTime:0.0050s ]
NOTIC: [8] Undefined variable: morepowersValue /Applications/MAMP/htdocs/18031/lianxi1/azqrsg/Application/Personnelsystem/Controller/IndexController.class.php 第 76 行.
SQL: SHOW COLUMNS FROM `renshi_hdmenu` [ RunTime:0.0041s ]
SQL: SELECT * FROM `renshi_hdmenu`  [ RunTime:0.0002s ]
SQL: SELECT COUNT(*) AS tp_count FROM `renshi_admin_role` LIMIT 1   [ RunTime:0.0001s ]
SQL: SELECT COUNT(*) AS tp_count FROM `renshi_admin` LIMIT 1   [ RunTime:0.0001s ]
SQL: SHOW COLUMNS FROM `renshi_department` [ RunTime:0.0045s ]
SQL: SELECT COUNT(*) AS tp_count FROM `renshi_department` LIMIT 1   [ RunTime:0.0002s ]
SQL: SHOW COLUMNS FROM `renshi_staff` [ RunTime:0.0047s ]
SQL: SELECT COUNT(*) AS tp_count FROM `renshi_staff` WHERE ( stBlacklist=0 ) LIMIT 1   [ RunTime:0.0002s ]
SQL: SELECT COUNT(*) AS tp_count FROM `renshi_staff` WHERE ( stJobState=1 AND stBlacklist=0 ) LIMIT 1   [ RunTime:0.0001s ]
SQL: SELECT COUNT(*) AS tp_count FROM `renshi_staff` WHERE ( stJobState=0 AND stBlacklist=0 ) LIMIT 1   [ RunTime:0.0001s ]
SQL: SELECT COUNT(*) AS tp_count FROM `renshi_staff` WHERE ( stBlacklist=1 ) LIMIT 1   [ RunTime:0.0001s ]
SQL: SELECT `sName`,`sCopyrightName`,`sCopyrightAuthor`,`sCopyrightAuthorTel`,`sCopyrightAuthorQQ` FROM `renshi_system` WHERE ( sId=1 ) LIMIT 1   [ RunTime:0.0001s ]
INFO: [ view_parse ] --START--
INFO: [ template_filter ] --START--
INFO: Run Behavior\ContentReplaceBehavior [ RunTime:0.000138s ]
INFO: [ template_filter ] --END-- [ RunTime:0.000273s ]
INFO: Run Behavior\ParseTemplateBehavior [ RunTime:0.027026s ]
INFO: [ view_parse ] --END-- [ RunTime:0.027104s ]
INFO: [ view_filter ] --START--
INFO: Run Behavior\WriteHtmlCacheBehavior [ RunTime:0.000247s ]
INFO: [ view_filter ] --END-- [ RunTime:0.000322s ]
INFO: [ app_end ] --START--
INFO: Run Behavior\ShowPageTraceBehavior [ RunTime:0.000975s ]
INFO: [ app_end ] --END-- [ RunTime:0.001608s ]

[ 2019-03-16T16:37:27+08:00 ] ::1 /lianxi1/azqrsg/Department/add
INFO: [ app_init ] --START--
INFO: Run Behavior\BuildLiteBehavior [ RunTime:0.000021s ]
INFO: [ app_init ] --END-- [ RunTime:0.000842s ]
INFO: [ app_begin ] --START--
INFO: Run Behavior\ReadHtmlCacheBehavior [ RunTime:0.000558s ]
INFO: [ app_begin ] --END-- [ RunTime:0.000622s ]
SQL: SHOW COLUMNS FROM `renshi_system` [ RunTime:0.0043s ]
SQL: SELECT `sLoginTimeout` FROM `renshi_system` WHERE ( sId=1 ) LIMIT 1   [ RunTime:0.0002s ]
SQL: SELECT `sLoginTimeout` FROM `renshi_system` WHERE ( sId=1 ) LIMIT 1   [ RunTime:0.0002s ]
SQL: SELECT `sDepartment` FROM `renshi_system` WHERE ( sId=1 ) LIMIT 1   [ RunTime:0.0003s ]
INFO: [ view_parse ] --START--
INFO: [ template_filter ] --START--
INFO: Run Behavior\ContentReplaceBehavior [ RunTime:0.000070s ]
INFO: [ template_filter ] --END-- [ RunTime:0.000151s ]
NOTIC: [8] Undefined variable: rs_systemInfo /Applications/MAMP/htdocs/18031/lianxi1/azqrsg/Application/Runtime/Cache/Personnelsystem/e03550b126576d270e511c26c1942c17.php 第 38 行.
INFO: Run Behavior\ParseTemplateBehavior [ RunTime:0.025856s ]
INFO: [ view_parse ] --END-- [ RunTime:0.026083s ]
INFO: [ view_filter ] --START--
INFO: Run Behavior\WriteHtmlCacheBehavior [ RunTime:0.000634s ]
INFO: [ view_filter ] --END-- [ RunTime:0.000779s ]
INFO: [ app_end ] --START--
INFO: Run Behavior\ShowPageTraceBehavior [ RunTime:0.002701s ]
INFO: [ app_end ] --END-- [ RunTime:0.002836s ]

[ 2019-03-16T16:37:34+08:00 ] ::1 /lianxi1/azqrsg/System/system
INFO: [ app_init ] --START--
INFO: Run Behavior\BuildLiteBehavior [ RunTime:0.000019s ]
INFO: [ app_init ] --END-- [ RunTime:0.000483s ]
INFO: [ app_begin ] --START--
INFO: Run Behavior\ReadHtmlCacheBehavior [ RunTime:0.000680s ]
INFO: [ app_begin ] --END-- [ RunTime:0.000765s ]
SQL: SHOW COLUMNS FROM `renshi_system` [ RunTime:0.0043s ]
SQL: SELECT `sLoginTimeout` FROM `renshi_system` WHERE ( sId=1 ) LIMIT 1   [ RunTime:0.0002s ]
SQL: SELECT `sLoginTimeout` FROM `renshi_system` WHERE ( sId=1 ) LIMIT 1   [ RunTime:0.0002s ]
SQL: SELECT * FROM `renshi_system` WHERE ( sId=1 ) LIMIT 1   [ RunTime:0.0002s ]
INFO: [ view_parse ] --START--
INFO: [ template_filter ] --START--
INFO: Run Behavior\ContentReplaceBehavior [ RunTime:0.000134s ]
INFO: [ template_filter ] --END-- [ RunTime:0.000238s ]
INFO: Run Behavior\ParseTemplateBehavior [ RunTime:0.019917s ]
INFO: [ view_parse ] --END-- [ RunTime:0.020002s ]
INFO: [ view_filter ] --START--
INFO: Run Behavior\WriteHtmlCacheBehavior [ RunTime:0.000259s ]
INFO: [ view_filter ] --END-- [ RunTime:0.000316s ]
INFO: [ app_end ] --START--
INFO: Run Behavior\ShowPageTraceBehavior [ RunTime:0.001762s ]
INFO: [ app_end ] --END-- [ RunTime:0.001899s ]

[ 2019-03-16T16:37:41+08:00 ] ::1 /lianxi1/azqrsg/About/index
INFO: [ app_init ] --START--
INFO: Run Behavior\BuildLiteBehavior [ RunTime:0.000015s ]
INFO: [ app_init ] --END-- [ RunTime:0.000370s ]
INFO: [ app_begin ] --START--
INFO: Run Behavior\ReadHtmlCacheBehavior [ RunTime:0.000548s ]
INFO: [ app_begin ] --END-- [ RunTime:0.000612s ]
SQL: SHOW COLUMNS FROM `renshi_system` [ RunTime:0.0046s ]
SQL: SELECT `sLoginTimeout` FROM `renshi_system` WHERE ( sId=1 ) LIMIT 1   [ RunTime:0.0002s ]
SQL: SELECT `sLoginTimeout` FROM `renshi_system` WHERE ( sId=1 ) LIMIT 1   [ RunTime:0.0002s ]
INFO: [ view_parse ] --START--
INFO: [ template_filter ] --START--
INFO: Run Behavior\ContentReplaceBehavior [ RunTime:0.000070s ]
INFO: [ template_filter ] --END-- [ RunTime:0.000139s ]
INFO: Run Behavior\ParseTemplateBehavior [ RunTime:0.014711s ]
INFO: [ view_parse ] --END-- [ RunTime:0.014811s ]
INFO: [ view_filter ] --START--
INFO: Run Behavior\WriteHtmlCacheBehavior [ RunTime:0.000324s ]
INFO: [ view_filter ] --END-- [ RunTime:0.000419s ]
INFO: [ app_end ] --START--
INFO: Run Behavior\ShowPageTraceBehavior [ RunTime:0.000805s ]
INFO: [ app_end ] --END-- [ RunTime:0.000874s ]

[ 2019-03-16T16:37:41+08:00 ] ::1 /lianxi1/azqrsg/Public/Theme1/css/animate.css
INFO: [ app_init ] --START--
INFO: Run Behavior\BuildLiteBehavior [ RunTime:0.000021s ]
INFO: [ app_init ] --END-- [ RunTime:0.000522s ]
INFO: [ app_begin ] --START--
INFO: Run Behavior\ReadHtmlCacheBehavior [ RunTime:0.000872s ]
INFO: [ app_begin ] --END-- [ RunTime:0.000976s ]
ERR: 无法加载控制器:Public

[ 2019-03-16T16:37:41+08:00 ] ::1 /lianxi1/azqrsg/Public/Theme1/css/style.css?v=4.1.0
INFO: [ app_init ] --START--
INFO: Run Behavior\BuildLiteBehavior [ RunTime:0.000020s ]
INFO: [ app_init ] --END-- [ RunTime:0.000515s ]
INFO: [ app_begin ] --START--
INFO: Run Behavior\ReadHtmlCacheBehavior [ RunTime:0.000915s ]
INFO: [ app_begin ] --END-- [ RunTime:0.001431s ]
ERR: 无法加载控制器:Public

[ 2019-03-16T16:37:41+08:00 ] ::1 /lianxi1/azqrsg/Public/Theme1/css/font-awesome.css?v=4.4.0
INFO: [ app_init ] --START--
INFO: Run Behavior\BuildLiteBehavior [ RunTime:0.000027s ]
INFO: [ app_init ] --END-- [ RunTime:0.000839s ]
INFO: [ app_begin ] --START--
INFO: Run Behavior\ReadHtmlCacheBehavior [ RunTime:0.000850s ]
INFO: [ app_begin ] --END-- [ RunTime:0.000976s ]
ERR: 无法加载控制器:Public

[ 2019-03-16T16:37:41+08:00 ] ::1 /lianxi1/azqrsg/Public/Theme1/js/content.js?v=1.0.0
INFO: [ app_init ] --START--
INFO: Run Behavior\BuildLiteBehavior [ RunTime:0.000039s ]
INFO: [ app_init ] --END-- [ RunTime:0.000828s ]
INFO: [ app_begin ] --START--
INFO: Run Behavior\ReadHtmlCacheBehavior [ RunTime:0.001037s ]
INFO: [ app_begin ] --END-- [ RunTime:0.001159s ]
ERR: 无法加载控制器:Public

[ 2019-03-16T16:37:45+08:00 ] ::1 /lianxi1/azqrsg/Staff/lists
INFO: [ app_init ] --START--
INFO: Run Behavior\BuildLiteBehavior [ RunTime:0.000022s ]
INFO: [ app_init ] --END-- [ RunTime:0.000547s ]
INFO: [ app_begin ] --START--
INFO: Run Behavior\ReadHtmlCacheBehavior [ RunTime:0.000702s ]
INFO: [ app_begin ] --END-- [ RunTime:0.000774s ]
NOTIC: [8] ob_end_clean(): failed to delete buffer. No buffer to delete /Applications/MAMP/htdocs/18031/lianxi1/azqrsg/Application/Personnelsystem/Controller/StaffController.class.php 第 5 行.
NOTIC: [2048] Declaration of Personnelsystem\Controller\StaffController::Show() should be compatible with Think\Controller::show($content, $charset = '', $contentType = '', $prefix = '') /Applications/MAMP/htdocs/18031/lianxi1/azqrsg/Application/Personnelsystem/Controller/StaffController.class.php 第 7 行.
SQL: SHOW COLUMNS FROM `renshi_system` [ RunTime:0.0051s ]
SQL: SELECT `sLoginTimeout` FROM `renshi_system` WHERE ( sId=1 ) LIMIT 1   [ RunTime:0.0002s ]
SQL: SELECT `sLoginTimeout` FROM `renshi_system` WHERE ( sId=1 ) LIMIT 1   [ RunTime:0.0002s ]
SQL: SHOW COLUMNS FROM `renshi_staff` [ RunTime:0.0052s ]
NOTIC: [8] Undefined index: depId /Applications/MAMP/htdocs/18031/lianxi1/azqrsg/Application/Personnelsystem/Controller/StaffController.class.php 第 183 行.
SQL: SELECT * FROM `renshi_staff` WHERE ( stBlacklist=0 )  [ RunTime:0.0005s ]
INFO: [ view_parse ] --START--
INFO: [ template_filter ] --START--
INFO: Run Behavior\ContentReplaceBehavior [ RunTime:0.000106s ]
INFO: [ template_filter ] --END-- [ RunTime:0.000181s ]
INFO: Run Behavior\ParseTemplateBehavior [ RunTime:0.032020s ]
INFO: [ view_parse ] --END-- [ RunTime:0.032323s ]
INFO: [ view_filter ] --START--
INFO: Run Behavior\WriteHtmlCacheBehavior [ RunTime:0.000245s ]
INFO: [ view_filter ] --END-- [ RunTime:0.000294s ]
INFO: [ app_end ] --START--
INFO: Run Behavior\ShowPageTraceBehavior [ RunTime:0.000515s ]
INFO: [ app_end ] --END-- [ RunTime:0.000563s ]

[ 2019-03-16T16:37:46+08:00 ] ::1 /lianxi1/azqrsg/System/system
INFO: [ app_init ] --START--
INFO: Run Behavior\BuildLiteBehavior [ RunTime:0.000020s ]
INFO: [ app_init ] --END-- [ RunTime:0.000456s ]
INFO: [ app_begin ] --START--
INFO: Run Behavior\ReadHtmlCacheBehavior [ RunTime:0.000928s ]
INFO: [ app_begin ] --END-- [ RunTime:0.001025s ]
SQL: SHOW COLUMNS FROM `renshi_system` [ RunTime:0.0046s ]
SQL: SELECT `sLoginTimeout` FROM `renshi_system` WHERE ( sId=1 ) LIMIT 1   [ RunTime:0.0001s ]
SQL: SELECT `sLoginTimeout` FROM `renshi_system` WHERE ( sId=1 ) LIMIT 1   [ RunTime:0.0001s ]
SQL: SELECT * FROM `renshi_system` WHERE ( sId=1 ) LIMIT 1   [ RunTime:0.0002s ]
INFO: [ view_parse ] --START--
INFO: [ template_filter ] --START--
INFO: Run Behavior\ContentReplaceBehavior [ RunTime:0.000058s ]
INFO: [ template_filter ] --END-- [ RunTime:0.000121s ]
INFO: Run Behavior\ParseTemplateBehavior [ RunTime:0.018457s ]
INFO: [ view_parse ] --END-- [ RunTime:0.018595s ]
INFO: [ view_filter ] --START--
INFO: Run Behavior\WriteHtmlCacheBehavior [ RunTime:0.000309s ]
INFO: [ view_filter ] --END-- [ RunTime:0.000386s ]
INFO: [ app_end ] --START--
INFO: Run Behavior\ShowPageTraceBehavior [ RunTime:0.000811s ]
INFO: [ app_end ] --END-- [ RunTime:0.000882s ]

[ 2019-03-16T16:37:47+08:00 ] ::1 /lianxi1/azqrsg/Variables/lists
INFO: [ app_init ] --START--
INFO: Run Behavior\BuildLiteBehavior [ RunTime:0.000026s ]
INFO: [ app_init ] --END-- [ RunTime:0.000738s ]
INFO: [ app_begin ] --START--
INFO: Run Behavior\ReadHtmlCacheBehavior [ RunTime:0.000851s ]
INFO: [ app_begin ] --END-- [ RunTime:0.000934s ]
SQL: SHOW COLUMNS FROM `renshi_system` [ RunTime:0.0053s ]
SQL: SELECT `sLoginTimeout` FROM `renshi_system` WHERE ( sId=1 ) LIMIT 1   [ RunTime:0.0002s ]
SQL: SELECT `sLoginTimeout` FROM `renshi_system` WHERE ( sId=1 ) LIMIT 1   [ RunTime:0.0002s ]
SQL: SHOW COLUMNS FROM `renshi_variables` [ RunTime:0.0043s ]
SQL: SELECT * FROM `renshi_variables`  [ RunTime:0.0003s ]
INFO: [ view_parse ] --START--
INFO: [ template_filter ] --START--
INFO: Run Behavior\ContentReplaceBehavior [ RunTime:0.000054s ]
INFO: [ template_filter ] --END-- [ RunTime:0.000120s ]
INFO: Run Behavior\ParseTemplateBehavior [ RunTime:0.016032s ]
INFO: [ view_parse ] --END-- [ RunTime:0.016181s ]
INFO: [ view_filter ] --START--
INFO: Run Behavior\WriteHtmlCacheBehavior [ RunTime:0.000255s ]
INFO: [ view_filter ] --END-- [ RunTime:0.000311s ]
INFO: [ app_end ] --START--
INFO: Run Behavior\ShowPageTraceBehavior [ RunTime:0.000757s ]
INFO: [ app_end ] --END-- [ RunTime:0.000828s ]

[ 2019-03-16T16:37:47+08:00 ] ::1 /lianxi1/azqrsg/Manage/role
INFO: [ app_init ] --START--
INFO: Run Behavior\BuildLiteBehavior [ RunTime:0.000051s ]
INFO: [ app_init ] --END-- [ RunTime:0.000871s ]
INFO: [ app_begin ] --START--
INFO: Run Behavior\ReadHtmlCacheBehavior [ RunTime:0.000473s ]
INFO: [ app_begin ] --END-- [ RunTime:0.000532s ]
SQL: SHOW COLUMNS FROM `renshi_system` [ RunTime:0.0044s ]
SQL: SELECT `sLoginTimeout` FROM `renshi_system` WHERE ( sId=1 ) LIMIT 1   [ RunTime:0.0002s ]
SQL: SELECT `sLoginTimeout` FROM `renshi_system` WHERE ( sId=1 ) LIMIT 1   [ RunTime:0.0010s ]
SQL: SHOW COLUMNS FROM `renshi_admin_role` [ RunTime:0.0040s ]
SQL: SELECT * FROM `renshi_admin_role`  [ RunTime:0.0004s ]
INFO: [ view_parse ] --START--
INFO: [ template_filter ] --START--
INFO: Run Behavior\ContentReplaceBehavior [ RunTime:0.000075s ]
INFO: [ template_filter ] --END-- [ RunTime:0.000159s ]
SQL: SHOW COLUMNS FROM `renshi_admin` [ RunTime:0.0039s ]
SQL: SELECT `aPowers`,`aUser` FROM `renshi_admin` WHERE ( aPowers=1 )  [ RunTime:0.0005s ]
SQL: SELECT `aPowers`,`aUser` FROM `renshi_admin` WHERE ( aPowers=2 )  [ RunTime:0.0004s ]
SQL: SELECT `aPowers`,`aUser` FROM `renshi_admin` WHERE ( aPowers=3 )  [ RunTime:0.0004s ]
SQL: SELECT `aPowers`,`aUser` FROM `renshi_admin` WHERE ( aPowers=4 )  [ RunTime:0.0003s ]
SQL: SELECT `aPowers`,`aUser` FROM `renshi_admin` WHERE ( aPowers=5 )  [ RunTime:0.0004s ]
SQL: SELECT `aPowers`,`aUser` FROM `renshi_admin` WHERE ( aPowers=6 )  [ RunTime:0.0003s ]
INFO: Run Behavior\ParseTemplateBehavior [ RunTime:0.028765s ]
INFO: [ view_parse ] --END-- [ RunTime:0.028846s ]
INFO: [ view_filter ] --START--
INFO: Run Behavior\WriteHtmlCacheBehavior [ RunTime:0.000636s ]
INFO: [ view_filter ] --END-- [ RunTime:0.000753s ]
INFO: [ app_end ] --START--
INFO: Run Behavior\ShowPageTraceBehavior [ RunTime:0.000922s ]
INFO: [ app_end ] --END-- [ RunTime:0.001054s ]

[ 2019-03-16T16:37:50+08:00 ] ::1 /lianxi1/azqrsg/Personnelsystem/Index/
INFO: [ app_init ] --START--
INFO: Run Behavior\BuildLiteBehavior [ RunTime:0.000014s ]
INFO: [ app_init ] --END-- [ RunTime:0.000327s ]
INFO: [ app_begin ] --START--
INFO: Run Behavior\ReadHtmlCacheBehavior [ RunTime:0.000425s ]
INFO: [ app_begin ] --END-- [ RunTime:0.000476s ]
SQL: SHOW COLUMNS FROM `renshi_system` [ RunTime:0.0042s ]
SQL: SELECT `sLoginTimeout` FROM `renshi_system` WHERE ( sId=1 ) LIMIT 1   [ RunTime:0.0002s ]
SQL: SELECT `sLoginTimeout` FROM `renshi_system` WHERE ( sId=1 ) LIMIT 1   [ RunTime:0.0002s ]
SQL: SELECT `sName`,`sDepartment`,`sCopyrightName`,`sCopyrightAuthor`,`sVersion`,`sCopyrightAuthorTel`,`sCopyrightAuthorQQ` FROM `renshi_system` WHERE ( sId=1 ) LIMIT 1   [ RunTime:0.0002s ]
SQL: SHOW COLUMNS FROM `renshi_admin_role` [ RunTime:0.0038s ]
NOTIC: [8] Undefined variable: morepowersValue /Applications/MAMP/htdocs/18031/lianxi1/azqrsg/Application/Personnelsystem/Controller/IndexController.class.php 第 30 行.
SQL: SHOW COLUMNS FROM `renshi_department` [ RunTime:0.0044s ]
SQL: SELECT * FROM `renshi_department` WHERE ( dId=0 ) LIMIT 1   [ RunTime:0.0002s ]
SQL: SELECT `sLoginTimeout` FROM `renshi_system` WHERE ( sId=1 ) LIMIT 1   [ RunTime:0.0001s ]
SQL: SELECT `sLoginTimeout` FROM `renshi_system` WHERE ( sId=1 ) LIMIT 1   [ RunTime:0.0002s ]
SQL: SHOW COLUMNS FROM `renshi_staff` [ RunTime:0.0057s ]
SQL: SELECT COUNT(*) AS tp_count FROM `renshi_staff` WHERE `stBirthdate` LIKE '%03-16%' AND `stBirthdateType` = 1 LIMIT 1   [ RunTime:0.0002s ]
SQL: SELECT COUNT(*) AS tp_count FROM `renshi_staff` WHERE `stBirthdate` LIKE '%02-10%' AND `stBirthdateType` = 2 LIMIT 1   [ RunTime:0.0002s ]
SQL: SHOW COLUMNS FROM `renshi_hdmenu` [ RunTime:0.0044s ]
SQL: SELECT * FROM `renshi_hdmenu`  [ RunTime:0.0004s ]
INFO: [ view_parse ] --START--
INFO: [ template_filter ] --START--
INFO: Run Behavior\ContentReplaceBehavior [ RunTime:0.000094s ]
INFO: [ template_filter ] --END-- [ RunTime:0.000160s ]
NOTIC: [8] Undefined variable: rs_users /Applications/MAMP/htdocs/18031/lianxi1/azqrsg/Application/Runtime/Cache/Personnelsystem/893122f858811a5339e67690bf0a2103.php 第 32 行.
NOTIC: [8] Undefined variable: rs_admin /Applications/MAMP/htdocs/18031/lianxi1/azqrsg/Application/Runtime/Cache/Personnelsystem/893122f858811a5339e67690bf0a2103.php 第 32 行.
INFO: Run Behavior\ParseTemplateBehavior [ RunTime:0.025156s ]
INFO: [ view_parse ] --END-- [ RunTime:0.025225s ]
INFO: [ view_filter ] --START--
INFO: Run Behavior\WriteHtmlCacheBehavior [ RunTime:0.000267s ]
INFO: [ view_filter ] --END-- [ RunTime:0.000326s ]
INFO: [ app_end ] --START--
INFO: Run Behavior\ShowPageTraceBehavior [ RunTime:0.001601s ]
INFO: [ app_end ] --END-- [ RunTime:0.001758s ]

[ 2019-03-16T16:37:50+08:00 ] ::1 /lianxi1/azqrsg/Personnelsystem/Index/welcome
INFO: [ app_init ] --START--
INFO: Run Behavior\BuildLiteBehavior [ RunTime:0.000016s ]
INFO: [ app_init ] --END-- [ RunTime:0.000389s ]
INFO: [ app_begin ] --START--
INFO: Run Behavior\ReadHtmlCacheBehavior [ RunTime:0.000558s ]
INFO: [ app_begin ] --END-- [ RunTime:0.000624s ]
SQL: SHOW COLUMNS FROM `renshi_system` [ RunTime:0.0044s ]
SQL: SELECT `sLoginTimeout` FROM `renshi_system` WHERE ( sId=1 ) LIMIT 1   [ RunTime:0.0002s ]
SQL: SELECT `sLoginTimeout` FROM `renshi_system` WHERE ( sId=1 ) LIMIT 1   [ RunTime:0.0001s ]
SQL: SHOW COLUMNS FROM `renshi_admin` [ RunTime:0.0046s ]
SQL: SELECT `aLoginNum` FROM `renshi_admin` WHERE ( aUser='system' ) LIMIT 1   [ RunTime:0.0002s ]
SQL: SHOW COLUMNS FROM `renshi_admin_role` [ RunTime:0.0045s ]
NOTIC: [8] Undefined variable: morepowersValue /Applications/MAMP/htdocs/18031/lianxi1/azqrsg/Application/Personnelsystem/Controller/IndexController.class.php 第 76 行.
SQL: SHOW COLUMNS FROM `renshi_hdmenu` [ RunTime:0.0071s ]
SQL: SELECT * FROM `renshi_hdmenu`  [ RunTime:0.0012s ]
SQL: SELECT COUNT(*) AS tp_count FROM `renshi_admin_role` LIMIT 1   [ RunTime:0.0002s ]
SQL: SELECT COUNT(*) AS tp_count FROM `renshi_admin` LIMIT 1   [ RunTime:0.0002s ]
SQL: SHOW COLUMNS FROM `renshi_department` [ RunTime:0.0044s ]
SQL: SELECT COUNT(*) AS tp_count FROM `renshi_department` LIMIT 1   [ RunTime:0.0002s ]
SQL: SHOW COLUMNS FROM `renshi_staff` [ RunTime:0.0054s ]
SQL: SELECT COUNT(*) AS tp_count FROM `renshi_staff` WHERE ( stBlacklist=0 ) LIMIT 1   [ RunTime:0.0002s ]
SQL: SELECT COUNT(*) AS tp_count FROM `renshi_staff` WHERE ( stJobState=1 AND stBlacklist=0 ) LIMIT 1   [ RunTime:0.0001s ]
SQL: SELECT COUNT(*) AS tp_count FROM `renshi_staff` WHERE ( stJobState=0 AND stBlacklist=0 ) LIMIT 1   [ RunTime:0.0001s ]
SQL: SELECT COUNT(*) AS tp_count FROM `renshi_staff` WHERE ( stBlacklist=1 ) LIMIT 1   [ RunTime:0.0001s ]
SQL: SELECT `sName`,`sCopyrightName`,`sCopyrightAuthor`,`sCopyrightAuthorTel`,`sCopyrightAuthorQQ` FROM `renshi_system` WHERE ( sId=1 ) LIMIT 1   [ RunTime:0.0001s ]
INFO: [ view_parse ] --START--
INFO: [ template_filter ] --START--
INFO: Run Behavior\ContentReplaceBehavior [ RunTime:0.000132s ]
INFO: [ template_filter ] --END-- [ RunTime:0.000241s ]
INFO: Run Behavior\ParseTemplateBehavior [ RunTime:0.023479s ]
INFO: [ view_parse ] --END-- [ RunTime:0.023561s ]
INFO: [ view_filter ] --START--
INFO: Run Behavior\WriteHtmlCacheBehavior [ RunTime:0.000233s ]
INFO: [ view_filter ] --END-- [ RunTime:0.000296s ]
INFO: [ app_end ] --START--
INFO: Run Behavior\ShowPageTraceBehavior [ RunTime:0.000887s ]
INFO: [ app_end ] --END-- [ RunTime:0.001095s ]

[ 2019-03-16T16:37:50+08:00 ] ::1 /lianxi1/azqrsg/Personnelsystem/Index/favicon.ico
INFO: [ app_init ] --START--
INFO: Run Behavior\BuildLiteBehavior [ RunTime:0.000022s ]
INFO: [ app_init ] --END-- [ RunTime:0.000526s ]

[ 2019-03-16T16:37:53+08:00 ] ::1 /lianxi1/azqrsg/Targets/monthlists
INFO: [ app_init ] --START--
INFO: Run Behavior\BuildLiteBehavior [ RunTime:0.000014s ]
INFO: [ app_init ] --END-- [ RunTime:0.000369s ]
INFO: [ app_begin ] --START--
INFO: Run Behavior\ReadHtmlCacheBehavior [ RunTime:0.000724s ]
INFO: [ app_begin ] --END-- [ RunTime:0.000808s ]
SQL: SHOW COLUMNS FROM `renshi_system` [ RunTime:0.0049s ]
SQL: SELECT `sLoginTimeout` FROM `renshi_system` WHERE ( sId=1 ) LIMIT 1   [ RunTime:0.0002s ]
SQL: SELECT `sLoginTimeout` FROM `renshi_system` WHERE ( sId=1 ) LIMIT 1   [ RunTime:0.0002s ]
SQL: SHOW COLUMNS FROM `renshi_mtablesinfo` [ RunTime:0.0057s ]
SQL: SELECT * FROM `renshi_mtablesinfo` ORDER BY mtId desc  [ RunTime:0.0020s ]
INFO: [ view_parse ] --START--
INFO: [ template_filter ] --START--
INFO: Run Behavior\ContentReplaceBehavior [ RunTime:0.000053s ]
INFO: [ template_filter ] --END-- [ RunTime:0.000114s ]
INFO: Run Behavior\ParseTemplateBehavior [ RunTime:0.019594s ]
INFO: [ view_parse ] --END-- [ RunTime:0.019697s ]
INFO: [ view_filter ] --START--
INFO: Run Behavior\WriteHtmlCacheBehavior [ RunTime:0.000233s ]
INFO: [ view_filter ] --END-- [ RunTime:0.000295s ]
INFO: [ app_end ] --START--
INFO: Run Behavior\ShowPageTraceBehavior [ RunTime:0.001761s ]
INFO: [ app_end ] --END-- [ RunTime:0.001828s ]

[ 2019-03-16T16:37:55+08:00 ] ::1 /lianxi1/azqrsg/Personnelsystem/Targets/monthoneinfo/mtId/1
INFO: [ app_init ] --START--
INFO: Run Behavior\BuildLiteBehavior [ RunTime:0.000022s ]
INFO: [ app_init ] --END-- [ RunTime:0.000547s ]
INFO: [ app_begin ] --START--
INFO: Run Behavior\ReadHtmlCacheBehavior [ RunTime:0.000872s ]
INFO: [ app_begin ] --END-- [ RunTime:0.001002s ]
SQL: SHOW COLUMNS FROM `renshi_system` [ RunTime:0.0044s ]
SQL: SELECT `sLoginTimeout` FROM `renshi_system` WHERE ( sId=1 ) LIMIT 1   [ RunTime:0.0002s ]
SQL: SELECT `sLoginTimeout` FROM `renshi_system` WHERE ( sId=1 ) LIMIT 1   [ RunTime:0.0002s ]
SQL: SHOW COLUMNS FROM `renshi_mtablesinfo` [ RunTime:0.0041s ]
SQL: SELECT * FROM `renshi_mtablesinfo` WHERE ( mtId=1 ) LIMIT 1   [ RunTime:0.0009s ]
INFO: [ view_parse ] --START--
INFO: [ template_filter ] --START--
INFO: Run Behavior\ContentReplaceBehavior [ RunTime:0.000054s ]
INFO: [ template_filter ] --END-- [ RunTime:0.000118s ]
INFO: Run Behavior\ParseTemplateBehavior [ RunTime:0.016687s ]
INFO: [ view_parse ] --END-- [ RunTime:0.016791s ]
INFO: [ view_filter ] --START--
INFO: Run Behavior\WriteHtmlCacheBehavior [ RunTime:0.000283s ]
INFO: [ view_filter ] --END-- [ RunTime:0.000374s ]
INFO: [ app_end ] --START--
INFO: Run Behavior\ShowPageTraceBehavior [ RunTime:0.001880s ]
INFO: [ app_end ] --END-- [ RunTime:0.002663s ]

